GROUP,PACKAGE,CLASS,INSTRUCTION_MISSED,INSTRUCTION_COVERED,BRANCH_MISSED,BRANCH_COVERED,LINE_MISSED,LINE_COVERED,COMPLEXITY_MISSED,COMPLEXITY_COVERED,METHOD_MISSED,METHOD_COVERED
sandwich-shop-manager,it.unipd.tos.model,MenuItem.ItemType,0,34,0,0,0,2,0,1,0,1
sandwich-shop-manager,it.unipd.tos.model,TakeAwayBillException,0,4,0,0,0,2,0,1,0,1
sandwich-shop-manager,it.unipd.tos.model,TakeAwayBillImplementation,0,99,2,18,0,26,2,10,0,2
sandwich-shop-manager,it.unipd.tos.model,MenuItem,18,25,0,0,5,10,1,5,1,5
