<?xml version="1.0" encoding="UTF-8"?>
<testsuite xmlns:xsi="http://www.w3.org/2001/XMLSchema-instance" xsi:noNamespaceSchemaLocation="https://maven.apache.org/surefire/maven-surefire-plugin/xsd/surefire-test-report-3.0.xsd" version="3.0" name="it.unipd.tos.model.TakeAwayBillImplementationTest" time="0.194" tests="5" errors="0" skipped="0" failures="0">
  <properties>
[...]
</properties>
  <testcase name="CalcolaTotpiudi5panini" classname="it.unipd.tos.model.TakeAwayBillImplementationTest" time="0.005"/>
  <testcase name="AggiungiCommissioneDi50centesimisottoi10euroDitotale" classname="it.unipd.tos.model.TakeAwayBillImplementationTest" time="0"/>
  <testcase name="ApplicaSconto10seTotalepiudi50euro" classname="it.unipd.tos.model.TakeAwayBillImplementationTest" time="0"/>
  <testcase name="VerificaTotparia0Con0elementi" classname="it.unipd.tos.model.TakeAwayBillImplementationTest" time="0"/>
  <testcase name="lanciaeccezioneConpiudi30elementiOrdinati" classname="it.unipd.tos.model.TakeAwayBillImplementationTest" time="0.001"/>
</testsuite>